This file contains any messages produced by compilers while
running configure, to aid debugging if configure makes a mistake.

It was created by libatomic_ops configure 7.2, which was
generated by GNU Autoconf 2.69.  Invocation command line was

  $ ./configure --disable-option-checking --prefix=/home/deyaa/mono/Schml/src/backend-c/runtime/boehm-gc-install --cache-file=/dev/null --srcdir=.

## --------- ##
## Platform. ##
## --------- ##

hostname = dhalgren
uname -m = x86_64
uname -r = 4.7.5-200.fc24.x86_64
uname -s = Linux
uname -v = #1 SMP Mon Sep 26 21:25:47 UTC 2016

/usr/bin/uname -p = x86_64
/bin/uname -X     = unknown

/bin/arch              = x86_64
/usr/bin/arch -k       = unknown
/usr/convex/getsysinfo = unknown
/usr/bin/hostinfo      = unknown
/bin/machine           = unknown
/usr/bin/oslevel       = unknown
/bin/universe          = unknown

PATH: /home/deyaa/sys/bin
PATH: /home/deyaa/.local/bin
PATH: /usr/local/bin
PATH: /home/deyaa/.cabal/bin
PATH: /home/deyaa/racket/bin/
PATH: /home/deyaa/sys/bin
PATH: /home/deyaa/.local/bin
PATH: /usr/local/bin
PATH: /home/deyaa/.cabal/bin
PATH: /home/deyaa/sys/bin
PATH: /home/deyaa/.cabal/bin
PATH: /u/parfunc/opt/bin
PATH: /usr/lib64/qt-3.3/bin
PATH: /usr/local/bin
PATH: /usr/bin
PATH: /usr/local/sbin
PATH: /usr/sbin
PATH: /home/deyaa/.cabal/bin


## ----------- ##
## Core tests. ##
## ----------- ##

configure:2120: checking build system type
configure:2134: result: x86_64-unknown-linux-gnu
configure:2154: checking host system type
configure:2167: result: x86_64-unknown-linux-gnu
configure:2187: checking target system type
configure:2200: result: x86_64-unknown-linux-gnu
configure:2243: checking for a BSD-compatible install
configure:2311: result: /usr/bin/install -c
configure:2322: checking whether build environment is sane
configure:2377: result: yes
configure:2528: checking for a thread-safe mkdir -p
configure:2567: result: /usr/bin/mkdir -p
configure:2574: checking for gawk
configure:2590: found /usr/bin/gawk
configure:2601: result: gawk
configure:2612: checking whether make sets $(MAKE)
configure:2634: result: yes
configure:2663: checking whether make supports nested variables
configure:2680: result: yes
configure:2848: checking for ranlib
configure:2864: found /usr/bin/ranlib
configure:2875: result: ranlib
configure:2914: checking for style of include used by make
configure:2942: result: GNU
configure:3013: checking for gcc
configure:3029: found /usr/bin/gcc
configure:3040: result: gcc
configure:3269: checking for C compiler version
configure:3278: gcc --version >&5
gcc (GCC) 6.2.1 20160916 (Red Hat 6.2.1-2)
Copyright (C) 2016 Free Software Foundation, Inc.
This is free software; see the source for copying conditions.  There is NO
warranty; not even for MERCHANTABILITY or FITNESS FOR A PARTICULAR PURPOSE.

configure:3289: $? = 0
configure:3278: gcc -v >&5
Using built-in specs.
COLLECT_GCC=gcc
COLLECT_LTO_WRAPPER=/usr/libexec/gcc/x86_64-redhat-linux/6.2.1/lto-wrapper
Target: x86_64-redhat-linux
Configured with: ../configure --enable-bootstrap --enable-languages=c,c++,objc,obj-c++,fortran,ada,go,lto --prefix=/usr --mandir=/usr/share/man --infodir=/usr/share/info --with-bugurl=http://bugzilla.redhat.com/bugzilla --enable-shared --enable-threads=posix --enable-checking=release --enable-multilib --with-system-zlib --enable-__cxa_atexit --disable-libunwind-exceptions --enable-gnu-unique-object --enable-linker-build-id --with-linker-hash-style=gnu --enable-plugin --enable-initfini-array --disable-libgcj --with-isl --enable-libmpx --enable-gnu-indirect-function --with-tune=generic --with-arch_32=i686 --build=x86_64-redhat-linux
Thread model: posix
gcc version 6.2.1 20160916 (Red Hat 6.2.1-2) (GCC) 
configure:3289: $? = 0
configure:3278: gcc -V >&5
gcc: error: unrecognized command line option '-V'
gcc: fatal error: no input files
compilation terminated.
configure:3289: $? = 1
configure:3278: gcc -qversion >&5
gcc: error: unrecognized command line option '-qversion'; did you mean '--version'?
gcc: fatal error: no input files
compilation terminated.
configure:3289: $? = 1
configure:3309: checking whether the C compiler works
configure:3331: gcc    conftest.c  >&5
configure:3335: $? = 0
configure:3383: result: yes
configure:3386: checking for C compiler default output file name
configure:3388: result: a.out
configure:3394: checking for suffix of executables
configure:3401: gcc -o conftest    conftest.c  >&5
configure:3405: $? = 0
configure:3427: result: 
configure:3449: checking whether we are cross compiling
configure:3457: gcc -o conftest    conftest.c  >&5
configure:3461: $? = 0
configure:3468: ./conftest
configure:3472: $? = 0
configure:3487: result: no
configure:3492: checking for suffix of object files
configure:3514: gcc -c   conftest.c >&5
configure:3518: $? = 0
configure:3539: result: o
configure:3543: checking whether we are using the GNU C compiler
configure:3562: gcc -c   conftest.c >&5
configure:3562: $? = 0
configure:3571: result: yes
configure:3580: checking whether gcc accepts -g
configure:3600: gcc -c -g  conftest.c >&5
configure:3600: $? = 0
configure:3641: result: yes
configure:3658: checking for gcc option to accept ISO C89
configure:3721: gcc  -c -g -O2  conftest.c >&5
configure:3721: $? = 0
configure:3734: result: none needed
configure:3759: checking whether gcc understands -c and -o together
configure:3781: gcc -c conftest.c -o conftest2.o
configure:3784: $? = 0
configure:3781: gcc -c conftest.c -o conftest2.o
configure:3784: $? = 0
configure:3796: result: yes
configure:3815: checking dependency style of gcc
configure:3926: result: gcc3
configure:3951: checking dependency style of gcc
configure:4060: result: gcc3
configure:4083: checking how to run the C preprocessor
configure:4114: gcc -E  conftest.c
configure:4114: $? = 0
configure:4128: gcc -E  conftest.c
conftest.c:11:28: fatal error: ac_nonexistent.h: No such file or directory
 #include <ac_nonexistent.h>
                            ^
compilation terminated.
configure:4128: $? = 1
configure: failed program was:
| /* confdefs.h */
| #define PACKAGE_NAME "libatomic_ops"
| #define PACKAGE_TARNAME "libatomic_ops"
| #define PACKAGE_VERSION "7.2"
| #define PACKAGE_STRING "libatomic_ops 7.2"
| #define PACKAGE_BUGREPORT ""
| #define PACKAGE_URL ""
| #define PACKAGE "libatomic_ops"
| #define VERSION "7.2"
| /* end confdefs.h.  */
| #include <ac_nonexistent.h>
configure:4153: result: gcc -E
configure:4173: gcc -E  conftest.c
configure:4173: $? = 0
configure:4187: gcc -E  conftest.c
conftest.c:11:28: fatal error: ac_nonexistent.h: No such file or directory
 #include <ac_nonexistent.h>
                            ^
compilation terminated.
configure:4187: $? = 1
configure: failed program was:
| /* confdefs.h */
| #define PACKAGE_NAME "libatomic_ops"
| #define PACKAGE_TARNAME "libatomic_ops"
| #define PACKAGE_VERSION "7.2"
| #define PACKAGE_STRING "libatomic_ops 7.2"
| #define PACKAGE_BUGREPORT ""
| #define PACKAGE_URL ""
| #define PACKAGE "libatomic_ops"
| #define VERSION "7.2"
| /* end confdefs.h.  */
| #include <ac_nonexistent.h>
configure:4216: checking for grep that handles long lines and -e
configure:4274: result: /usr/bin/grep
configure:4279: checking for egrep
configure:4341: result: /usr/bin/grep -E
configure:4346: checking for ANSI C header files
configure:4366: gcc -c -g -O2  conftest.c >&5
configure:4366: $? = 0
configure:4439: gcc -o conftest -g -O2   conftest.c  >&5
configure:4439: $? = 0
configure:4439: ./conftest
configure:4439: $? = 0
configure:4450: result: yes
configure:4463: checking for sys/types.h
configure:4463: gcc -c -g -O2  conftest.c >&5
configure:4463: $? = 0
configure:4463: result: yes
configure:4463: checking for sys/stat.h
configure:4463: gcc -c -g -O2  conftest.c >&5
configure:4463: $? = 0
configure:4463: result: yes
configure:4463: checking for stdlib.h
configure:4463: gcc -c -g -O2  conftest.c >&5
configure:4463: $? = 0
configure:4463: result: yes
configure:4463: checking for string.h
configure:4463: gcc -c -g -O2  conftest.c >&5
configure:4463: $? = 0
configure:4463: result: yes
configure:4463: checking for memory.h
configure:4463: gcc -c -g -O2  conftest.c >&5
configure:4463: $? = 0
configure:4463: result: yes
configure:4463: checking for strings.h
configure:4463: gcc -c -g -O2  conftest.c >&5
configure:4463: $? = 0
configure:4463: result: yes
configure:4463: checking for inttypes.h
configure:4463: gcc -c -g -O2  conftest.c >&5
configure:4463: $? = 0
configure:4463: result: yes
configure:4463: checking for stdint.h
configure:4463: gcc -c -g -O2  conftest.c >&5
configure:4463: $? = 0
configure:4463: result: yes
configure:4463: checking for unistd.h
configure:4463: gcc -c -g -O2  conftest.c >&5
configure:4463: $? = 0
configure:4463: result: yes
configure:4481: checking for stdlib.h
configure:4481: result: yes
configure:4481: checking for unistd.h
configure:4481: result: yes
configure:4481: checking for sys/param.h
configure:4481: gcc -c -g -O2  conftest.c >&5
configure:4481: $? = 0
configure:4481: result: yes
configure:4501: checking for getpagesize
configure:4501: gcc -o conftest -g -O2   conftest.c  >&5
configure:4501: $? = 0
configure:4501: result: yes
configure:4510: checking for working mmap
configure:4657: gcc -o conftest -g -O2   conftest.c  >&5
configure:4657: $? = 0
configure:4657: ./conftest
configure:4657: $? = 0
configure:4667: result: yes
configure:4678: checking for ANSI C header files
configure:4782: result: yes
configure:4795: checking for PIC compiler flag
configure:4805: result: -fPIC
configure:4808: checking whether gcc -fPIC causes __PIC__ definition
configure:4828: gcc -c -fPIC -g -O2  conftest.c >&5
configure:4828: $? = 0
configure:4835: result: yes
configure:4880: checking for pthread_self in -lpthread
configure:4905: gcc -o conftest -g -O2 -DNDEBUG   conftest.c -lpthread   >&5
configure:4905: $? = 0
configure:4914: result: yes
configure:5071: checking that generated files are newer than configure
configure:5077: result: done
configure:5112: creating ./config.status

## ---------------------- ##
## Running config.status. ##
## ---------------------- ##

This file was extended by libatomic_ops config.status 7.2, which was
generated by GNU Autoconf 2.69.  Invocation command line was

  CONFIG_FILES    = 
  CONFIG_HEADERS  = 
  CONFIG_LINKS    = 
  CONFIG_COMMANDS = 
  $ ./config.status 

on dhalgren

config.status:896: creating Makefile
config.status:896: creating pkgconfig/atomic_ops.pc
config.status:896: creating pkgconfig/atomic_ops-uninstalled.pc
config.status:896: creating doc/Makefile
config.status:896: creating src/Makefile
config.status:896: creating src/atomic_ops/Makefile
config.status:896: creating src/atomic_ops/sysdeps/Makefile
config.status:896: creating tests/Makefile
config.status:896: creating src/config.h
config.status:1077: src/config.h is unchanged
config.status:1125: executing depfiles commands
config.status:1125: executing default commands

## ---------------- ##
## Cache variables. ##
## ---------------- ##

ac_cv_build=x86_64-unknown-linux-gnu
ac_cv_c_compiler_gnu=yes
ac_cv_env_CCASFLAGS_set=
ac_cv_env_CCASFLAGS_value=
ac_cv_env_CCAS_set=
ac_cv_env_CCAS_value=
ac_cv_env_CC_set=
ac_cv_env_CC_value=
ac_cv_env_CFLAGS_set=
ac_cv_env_CFLAGS_value=
ac_cv_env_CPPFLAGS_set=
ac_cv_env_CPPFLAGS_value=
ac_cv_env_CPP_set=
ac_cv_env_CPP_value=
ac_cv_env_LDFLAGS_set=
ac_cv_env_LDFLAGS_value=
ac_cv_env_LIBS_set=
ac_cv_env_LIBS_value=
ac_cv_env_build_alias_set=
ac_cv_env_build_alias_value=
ac_cv_env_host_alias_set=
ac_cv_env_host_alias_value=
ac_cv_env_target_alias_set=
ac_cv_env_target_alias_value=
ac_cv_func_getpagesize=yes
ac_cv_func_mmap_fixed_mapped=yes
ac_cv_header_inttypes_h=yes
ac_cv_header_memory_h=yes
ac_cv_header_stdc=yes
ac_cv_header_stdint_h=yes
ac_cv_header_stdlib_h=yes
ac_cv_header_string_h=yes
ac_cv_header_strings_h=yes
ac_cv_header_sys_param_h=yes
ac_cv_header_sys_stat_h=yes
ac_cv_header_sys_types_h=yes
ac_cv_header_unistd_h=yes
ac_cv_host=x86_64-unknown-linux-gnu
ac_cv_lib_pthread_pthread_self=yes
ac_cv_objext=o
ac_cv_path_EGREP='/usr/bin/grep -E'
ac_cv_path_GREP=/usr/bin/grep
ac_cv_path_install='/usr/bin/install -c'
ac_cv_path_mkdir=/usr/bin/mkdir
ac_cv_pic_macro=yes
ac_cv_prog_AWK=gawk
ac_cv_prog_CPP='gcc -E'
ac_cv_prog_ac_ct_CC=gcc
ac_cv_prog_ac_ct_RANLIB=ranlib
ac_cv_prog_cc_c89=
ac_cv_prog_cc_g=yes
ac_cv_prog_make_make_set=yes
ac_cv_target=x86_64-unknown-linux-gnu
am_cv_CCAS_dependencies_compiler_type=gcc3
am_cv_CC_dependencies_compiler_type=gcc3
am_cv_make_support_nested_variables=yes
am_cv_prog_cc_c_o=yes

## ----------------- ##
## Output variables. ##
## ----------------- ##

ACLOCAL='${SHELL} /home/deyaa/mono/Schml/src/backend-c/runtime/boehm-gc/libatomic_ops/missing aclocal-1.14'
AMDEPBACKSLASH='\'
AMDEP_FALSE='#'
AMDEP_TRUE=''
AMTAR='$${TAR-tar}'
AM_BACKSLASH='\'
AM_DEFAULT_V='$(AM_DEFAULT_VERBOSITY)'
AM_DEFAULT_VERBOSITY='1'
AM_V='$(V)'
AUTOCONF='${SHELL} /home/deyaa/mono/Schml/src/backend-c/runtime/boehm-gc/libatomic_ops/missing autoconf'
AUTOHEADER='${SHELL} /home/deyaa/mono/Schml/src/backend-c/runtime/boehm-gc/libatomic_ops/missing autoheader'
AUTOMAKE='${SHELL} /home/deyaa/mono/Schml/src/backend-c/runtime/boehm-gc/libatomic_ops/missing automake-1.14'
AWK='gawk'
CC='gcc'
CCAS='gcc'
CCASDEPMODE='depmode=gcc3'
CCASFLAGS='-g -O2'
CCDEPMODE='depmode=gcc3'
CFLAGS='-g -O2 -DNDEBUG'
CPP='gcc -E'
CPPFLAGS=''
CYGPATH_W='echo'
DEFS='-DHAVE_CONFIG_H'
DEPDIR='.deps'
ECHO_C=''
ECHO_N='-n'
ECHO_T=''
EGREP='/usr/bin/grep -E'
EXEEXT=''
GREP='/usr/bin/grep'
HAVE_PTHREAD_H_FALSE='#'
HAVE_PTHREAD_H_TRUE=''
INSTALL_DATA='${INSTALL} -m 644'
INSTALL_PROGRAM='${INSTALL}'
INSTALL_SCRIPT='${INSTALL}'
INSTALL_STRIP_PROGRAM='$(install_sh) -c -s'
LDFLAGS=''
LIBOBJS=''
LIBS=''
LTLIBOBJS=''
MAKEINFO='${SHELL} /home/deyaa/mono/Schml/src/backend-c/runtime/boehm-gc/libatomic_ops/missing makeinfo'
MKDIR_P='/usr/bin/mkdir -p'
NEED_ASM_FALSE=''
NEED_ASM_TRUE='#'
OBJEXT='o'
PACKAGE='libatomic_ops'
PACKAGE_BUGREPORT=''
PACKAGE_NAME='libatomic_ops'
PACKAGE_STRING='libatomic_ops 7.2'
PACKAGE_TARNAME='libatomic_ops'
PACKAGE_URL=''
PACKAGE_VERSION='7.2'
PATH_SEPARATOR=':'
PICFLAG='-fPIC'
RANLIB='ranlib'
SET_MAKE=''
SHELL='/bin/sh'
STRIP=''
THREADDLLIBS='-lpthread'
VERSION='7.2'
ac_ct_CC='gcc'
am__EXEEXT_FALSE=''
am__EXEEXT_TRUE='#'
am__fastdepCCAS_FALSE='#'
am__fastdepCCAS_TRUE=''
am__fastdepCC_FALSE='#'
am__fastdepCC_TRUE=''
am__include='include'
am__isrc=''
am__leading_dot='.'
am__nodep='_no'
am__quote=''
am__tar='$${TAR-tar} chof - "$$tardir"'
am__untar='$${TAR-tar} xf -'
bindir='${exec_prefix}/bin'
build='x86_64-unknown-linux-gnu'
build_alias=''
build_cpu='x86_64'
build_os='linux-gnu'
build_vendor='unknown'
datadir='${datarootdir}'
datarootdir='${prefix}/share'
docdir='${datarootdir}/doc/${PACKAGE_TARNAME}'
dvidir='${docdir}'
exec_prefix='${prefix}'
host='x86_64-unknown-linux-gnu'
host_alias=''
host_cpu='x86_64'
host_os='linux-gnu'
host_vendor='unknown'
htmldir='${docdir}'
includedir='${prefix}/include'
infodir='${datarootdir}/info'
install_sh='${SHELL} /home/deyaa/mono/Schml/src/backend-c/runtime/boehm-gc/libatomic_ops/install-sh'
libdir='${exec_prefix}/lib'
libexecdir='${exec_prefix}/libexec'
localedir='${datarootdir}/locale'
localstatedir='${prefix}/var'
mandir='${datarootdir}/man'
mkdir_p='$(MKDIR_P)'
oldincludedir='/usr/include'
pdfdir='${docdir}'
prefix='/home/deyaa/mono/Schml/src/backend-c/runtime/boehm-gc-install'
program_transform_name='s,x,x,'
psdir='${docdir}'
sbindir='${exec_prefix}/sbin'
sharedstatedir='${prefix}/com'
sysconfdir='${prefix}/etc'
target='x86_64-unknown-linux-gnu'
target_alias=''
target_cpu='x86_64'
target_os='linux-gnu'
target_vendor='unknown'

## ----------- ##
## confdefs.h. ##
## ----------- ##

/* confdefs.h */
#define PACKAGE_NAME "libatomic_ops"
#define PACKAGE_TARNAME "libatomic_ops"
#define PACKAGE_VERSION "7.2"
#define PACKAGE_STRING "libatomic_ops 7.2"
#define PACKAGE_BUGREPORT ""
#define PACKAGE_URL ""
#define PACKAGE "libatomic_ops"
#define VERSION "7.2"
#define STDC_HEADERS 1
#define HAVE_SYS_TYPES_H 1
#define HAVE_SYS_STAT_H 1
#define HAVE_STDLIB_H 1
#define HAVE_STRING_H 1
#define HAVE_MEMORY_H 1
#define HAVE_STRINGS_H 1
#define HAVE_INTTYPES_H 1
#define HAVE_STDINT_H 1
#define HAVE_UNISTD_H 1
#define HAVE_STDLIB_H 1
#define HAVE_UNISTD_H 1
#define HAVE_SYS_PARAM_H 1
#define HAVE_GETPAGESIZE 1
#define HAVE_MMAP 1
#define STDC_HEADERS 1
#define _REENTRANT 1

configure: exit 0
