This is LuaTeX, Version beta-0.79.1 (TeX Live 2014) (rev 4971)  (format=luatex 2014.5.25)  24 OCT 2014 03:52
 restricted \write18 enabled.
**GTLC.tex
(./GTLC.tex
! Undefined control sequence.
l.1 \documentclass
                {article}
? 
! Interruption.
<to be read again> 
{
l.1 \documentclass{
                 article}
? 
! Undefined control sequence.
l.2 \begin
        {document}
? 
! Undefined control sequence.
l.3 \begin
        {equation}
? 
! Undefined control sequence.
l.4 \frac
       {
? 
! Undefined control sequence.
l.5     \begin
            {array}[b]{r}
? 
! Missing $ inserted.
<inserted text> 
$
<to be read again> 
\left 
l.6       \left
             ( x_1 x_2 \right)\\
? 
! Argument of \\ has an extra }.
<inserted text> 
\par 
<to be read again> 
}
l.9   }
     {
? 
Runaway argument?
 \minus \left ( x'_1 x'_2 \right ) \end {array} 
! Paragraph ended before \\ was complete.
<to be read again> 
\par 
<to be read again> 
}
l.9   }
     {
? 
! Missing $ inserted.
<inserted text> 
$
<to be read again> 
\par 
<to be read again> 
}
l.9   }
     {
? 
! Missing $ inserted.
<inserted text> 
$
<to be read again> 
\left 
l.10     \left
            ( y_1y_2y_3y_4 \right)
? 
! Extra }, or forgotten $.
l.11   }
      
? 
! Missing $ inserted.
<inserted text> 
$
<to be read again> 
\end 
l.12 \end
       {equation}
? 
[1{/usr/local/texlive/2014/texmf-var/fonts/map/pdftex/updmap/pdftex.map}])
(\end occurred inside a group at level 1)

### simple group (level 1) entered at line 9 ({)
### bottom level<</usr/local/texlive/2014/texmf-dist/fonts/type1/public/amsfonts
/cm/cmmi10.pfb><</usr/local/texlive/2014/texmf-dist/fonts/type1/public/amsfonts/
cm/cmr10.pfb><</usr/local/texlive/2014/texmf-dist/fonts/type1/public/amsfonts/cm
/cmr7.pfb>
Output written on GTLC.pdf (1 page, 28899 bytes).

PDF statistics: 20 PDF objects out of 1000 (max. 8388607)
 13 compressed objects within 1 object stream
 0 named destinations out of 1000 (max. 131072)
 1 words of extra memory for PDF output out of 10000 (max. 10000000)

